# JRE version: OpenJDK Runtime Environment (11.0.13) (build 11.0.13+0-b1751.21-8125866)
# Java VM: OpenJDK 64-Bit Server VM (11.0.13+0-b1751.21-8125866, mixed mode, tiered, compressed oops, g1 gc, windows-amd64)
Heap:
 garbage-first heap   total 115712K, used 67270K [0x0000000080000000, 0x0000000100000000)
  region size 1024K, 39 young (39936K), 1 survivors (1024K)
 Metaspace       used 46285K, capacity 47368K, committed 47484K, reserved 1091584K
  class space    used 5872K, capacity 6298K, committed 6400K, reserved 1048576K
GC Heap History (20 events):
Event: 2.095 GC heap before
{Heap before GC invocations=3 (full 0):
 garbage-first heap   total 96256K, used 39298K [0x0000000080000000, 0x0000000100000000)
  region size 1024K, 25 young (25600K), 2 survivors (2048K)
 Metaspace       used 20762K, capacity 21121K, committed 21296K, reserved 1069056K
  class space    used 2524K, capacity 2688K, committed 2688K, reserved 1048576K
}
Event: 2.099 GC heap after
{Heap after GC invocations=4 (full 0):
 garbage-first heap   total 96256K, used 17236K [0x0000000080000000, 0x0000000100000000)
  region size 1024K, 3 young (3072K), 3 survivors (3072K)
 Metaspace       used 20762K, capacity 21121K, committed 21296K, reserved 1069056K
  class space    used 2524K, capacity 2688K, committed 2688K, reserved 1048576K
}
Event: 2.498 GC heap before
{Heap before GC invocations=5 (full 0):
 garbage-first heap   total 96256K, used 53076K [0x0000000080000000, 0x0000000100000000)
  region size 1024K, 39 young (39936K), 3 survivors (3072K)
 Metaspace       used 24325K, capacity 24886K, committed 25008K, reserved 1071104K
  class space    used 3097K, capacity 3285K, committed 3328K, reserved 1048576K
}
Event: 2.500 GC heap after
{Heap after GC invocations=6 (full 0):
 garbage-first heap   total 96256K, used 18460K [0x0000000080000000, 0x0000000100000000)
  region size 1024K, 4 young (4096K), 4 survivors (4096K)
 Metaspace       used 24325K, capacity 24886K, committed 25008K, reserved 1071104K
  class space    used 3097K, capacity 3285K, committed 3328K, reserved 1048576K
}
Event: 2.941 GC heap before
{Heap before GC invocations=6 (full 0):
 garbage-first heap   total 96256K, used 58396K [0x0000000080000000, 0x0000000100000000)
  region size 1024K, 43 young (44032K), 4 survivors (4096K)
 Metaspace       used 28403K, capacity 29046K, committed 29232K, reserved 1075200K
  class space    used 3718K, capacity 3956K, committed 3968K, reserved 1048576K
}
Event: 2.945 GC heap after
{Heap after GC invocations=7 (full 0):
 garbage-first heap   total 96256K, used 19929K [0x0000000080000000, 0x0000000100000000)
  region size 1024K, 4 young (4096K), 4 survivors (4096K)
 Metaspace       used 28403K, capacity 29046K, committed 29232K, reserved 1075200K
  class space    used 3718K, capacity 3956K, committed 3968K, reserved 1048576K
}
Event: 3.447 GC heap before
{Heap before GC invocations=7 (full 0):
 garbage-first heap   total 96256K, used 54745K [0x0000000080000000, 0x0000000100000000)
  region size 1024K, 39 young (39936K), 4 survivors (4096K)
 Metaspace       used 34822K, capacity 35605K, committed 35708K, reserved 1081344K
  class space    used 4467K, capacity 4780K, committed 4864K, reserved 1048576K
}
Event: 3.453 GC heap after
{Heap after GC invocations=8 (full 0):
 garbage-first heap   total 96256K, used 22681K [0x0000000080000000, 0x0000000100000000)
  region size 1024K, 6 young (6144K), 6 survivors (6144K)
 Metaspace       used 34822K, capacity 35605K, committed 35708K, reserved 1081344K
  class space    used 4467K, capacity 4780K, committed 4864K, reserved 1048576K
}
Event: 3.822 GC heap before
{Heap before GC invocations=9 (full 0):
 garbage-first heap   total 96256K, used 62617K [0x0000000080000000, 0x0000000100000000)
  region size 1024K, 46 young (47104K), 6 survivors (6144K)
 Metaspace       used 38216K, capacity 39118K, committed 39164K, reserved 1083392K
  class space    used 4880K, capacity 5223K, committed 5248K, reserved 1048576K
}
Event: 3.827 GC heap after
{Heap after GC invocations=10 (full 0):
 garbage-first heap   total 96256K, used 26524K [0x0000000080000000, 0x0000000100000000)
  region size 1024K, 6 young (6144K), 6 survivors (6144K)
 Metaspace       used 38216K, capacity 39118K, committed 39164K, reserved 1083392K
  class space    used 4880K, capacity 5223K, committed 5248K, reserved 1048576K
}
Event: 4.207 GC heap before
{Heap before GC invocations=10 (full 0):
 garbage-first heap   total 96256K, used 70556K [0x0000000080000000, 0x0000000100000000)
  region size 1024K, 46 young (47104K), 6 survivors (6144K)
 Metaspace       used 41514K, capacity 42543K, committed 42620K, reserved 1087488K
  class space    used 5272K, capacity 5630K, committed 5632K, reserved 1048576K
}
Event: 5.220 GC heap after
{Heap after GC invocations=11 (full 0):
 garbage-first heap   total 115712K, used 28982K [0x0000000080000000, 0x0000000100000000)
  region size 1024K, 3 young (3072K), 3 survivors (3072K)
 Metaspace       used 41514K, capacity 42543K, committed 42620K, reserved 1087488K
  class space    used 5272K, capacity 5630K, committed 5632K, reserved 1048576K
}
Event: 5.255 GC heap before
{Heap before GC invocations=11 (full 0):
 garbage-first heap   total 115712K, used 31030K [0x0000000080000000, 0x0000000100000000)
  region size 1024K, 5 young (5120K), 3 survivors (3072K)
 Metaspace       used 41690K, capacity 42704K, committed 43004K, reserved 1087488K
  class space    used 5298K, capacity 5662K, committed 5760K, reserved 1048576K
}
Event: 5.258 GC heap after
{Heap after GC invocations=12 (full 0):
 garbage-first heap   total 115712K, used 29576K [0x0000000080000000, 0x0000000100000000)
  region size 1024K, 1 young (1024K), 1 survivors (1024K)
 Metaspace       used 41690K, capacity 42704K, committed 43004K, reserved 1087488K
  class space    used 5298K, capacity 5662K, committed 5760K, reserved 1048576K
}
Event: 5.319 GC heap before
{Heap before GC invocations=12 (full 0):
 garbage-first heap   total 115712K, used 33672K [0x0000000080000000, 0x0000000100000000)
  region size 1024K, 5 young (5120K), 1 survivors (1024K)
 Metaspace       used 42106K, capacity 43141K, committed 43388K, reserved 1087488K
  class space    used 5366K, capacity 5765K, committed 5888K, reserved 1048576K
}
Event: 5.320 GC heap after
{Heap after GC invocations=13 (full 0):
 garbage-first heap   total 115712K, used 29191K [0x0000000080000000, 0x0000000100000000)
  region size 1024K, 1 young (1024K), 1 survivors (1024K)
 Metaspace       used 42106K, capacity 43141K, committed 43388K, reserved 1087488K
  class space    used 5366K, capacity 5765K, committed 5888K, reserved 1048576K
}
Event: 5.389 GC heap before
{Heap before GC invocations=13 (full 0):
 garbage-first heap   total 115712K, used 33287K [0x0000000080000000, 0x0000000100000000)
  region size 1024K, 5 young (5120K), 1 survivors (1024K)
 Metaspace       used 42575K, capacity 43614K, committed 43900K, reserved 1087488K
  class space    used 5443K, capacity 5838K, committed 5888K, reserved 1048576K
}
Event: 5.390 GC heap after
{Heap after GC invocations=14 (full 0):
 garbage-first heap   total 115712K, used 29196K [0x0000000080000000, 0x0000000100000000)
  region size 1024K, 1 young (1024K), 1 survivors (1024K)
 Metaspace       used 42575K, capacity 43614K, committed 43900K, reserved 1087488K
  class space    used 5443K, capacity 5838K, committed 5888K, reserved 1048576K
}
Event: 5.427 GC heap before
{Heap before GC invocations=14 (full 0):
 garbage-first heap   total 115712K, used 32268K [0x0000000080000000, 0x0000000100000000)
  region size 1024K, 5 young (5120K), 1 survivors (1024K)
 Metaspace       used 42906K, capacity 43870K, committed 44156K, reserved 1087488K
  class space    used 5469K, capacity 5838K, committed 5888K, reserved 1048576K
}
Event: 5.428 GC heap after
{Heap after GC invocations=15 (full 0):
 garbage-first heap   total 115712K, used 29382K [0x0000000080000000, 0x0000000100000000)
  region size 1024K, 1 young (1024K), 1 survivors (1024K)
 Metaspace       used 42906K, capacity 43870K, committed 44156K, reserved 1087488K
  class space    used 5469K, capacity 5838K, committed 5888K, reserved 1048576K
}

