# JRE version: OpenJDK Runtime Environment (11.0.13) (build 11.0.13+0-b1751.21-8125866)
# Java VM: OpenJDK 64-Bit Server VM (11.0.13+0-b1751.21-8125866, mixed mode, tiered, compressed oops, g1 gc, windows-amd64)
Heap:
 garbage-first heap   total 115712K, used 58940K [0x0000000080000000, 0x0000000100000000)
  region size 1024K, 16 young (16384K), 6 survivors (6144K)
 Metaspace       used 63570K, capacity 65111K, committed 65188K, reserved 1105920K
  class space    used 7983K, capacity 8544K, committed 8576K, reserved 1048576K
GC Heap History (20 events):
Event: 2.722 GC heap before
{Heap before GC invocations=5 (full 0):
 garbage-first heap   total 96256K, used 62769K [0x0000000080000000, 0x0000000100000000)
  region size 1024K, 47 young (48128K), 3 survivors (3072K)
 Metaspace       used 25288K, capacity 25920K, committed 26032K, reserved 1071104K
  class space    used 3254K, capacity 3482K, committed 3584K, reserved 1048576K
}
Event: 2.725 GC heap after
{Heap after GC invocations=6 (full 0):
 garbage-first heap   total 96256K, used 19337K [0x0000000080000000, 0x0000000100000000)
  region size 1024K, 5 young (5120K), 5 survivors (5120K)
 Metaspace       used 25288K, capacity 25920K, committed 26032K, reserved 1071104K
  class space    used 3254K, capacity 3482K, committed 3584K, reserved 1048576K
}
Event: 3.185 GC heap before
{Heap before GC invocations=6 (full 0):
 garbage-first heap   total 96256K, used 65417K [0x0000000080000000, 0x0000000100000000)
  region size 1024K, 50 young (51200K), 5 survivors (5120K)
 Metaspace       used 29572K, capacity 30177K, committed 30512K, reserved 1075200K
  class space    used 3911K, capacity 4141K, committed 4224K, reserved 1048576K
}
Event: 3.189 GC heap after
{Heap after GC invocations=7 (full 0):
 garbage-first heap   total 96256K, used 20862K [0x0000000080000000, 0x0000000100000000)
  region size 1024K, 4 young (4096K), 4 survivors (4096K)
 Metaspace       used 29572K, capacity 30177K, committed 30512K, reserved 1075200K
  class space    used 3911K, capacity 4141K, committed 4224K, reserved 1048576K
}
Event: 3.518 GC heap before
{Heap before GC invocations=7 (full 0):
 garbage-first heap   total 96256K, used 41342K [0x0000000080000000, 0x0000000100000000)
  region size 1024K, 26 young (26624K), 4 survivors (4096K)
 Metaspace       used 34823K, capacity 35605K, committed 35708K, reserved 1081344K
  class space    used 4473K, capacity 4780K, committed 4864K, reserved 1048576K
}
Event: 3.522 GC heap after
{Heap after GC invocations=8 (full 0):
 garbage-first heap   total 96256K, used 22866K [0x0000000080000000, 0x0000000100000000)
  region size 1024K, 6 young (6144K), 6 survivors (6144K)
 Metaspace       used 34823K, capacity 35605K, committed 35708K, reserved 1081344K
  class space    used 4473K, capacity 4780K, committed 4864K, reserved 1048576K
}
Event: 3.949 GC heap before
{Heap before GC invocations=9 (full 0):
 garbage-first heap   total 96256K, used 70994K [0x0000000080000000, 0x0000000100000000)
  region size 1024K, 51 young (52224K), 6 survivors (6144K)
 Metaspace       used 39148K, capacity 40060K, committed 40316K, reserved 1085440K
  class space    used 4936K, capacity 5260K, committed 5376K, reserved 1048576K
}
Event: 3.955 GC heap after
{Heap after GC invocations=10 (full 0):
 garbage-first heap   total 96256K, used 27095K [0x0000000080000000, 0x0000000100000000)
  region size 1024K, 7 young (7168K), 7 survivors (7168K)
 Metaspace       used 39148K, capacity 40060K, committed 40316K, reserved 1085440K
  class space    used 4936K, capacity 5260K, committed 5376K, reserved 1048576K
}
Event: 4.359 GC heap before
{Heap before GC invocations=10 (full 0):
 garbage-first heap   total 96256K, used 71127K [0x0000000080000000, 0x0000000100000000)
  region size 1024K, 50 young (51200K), 7 survivors (7168K)
 Metaspace       used 42386K, capacity 43367K, committed 43644K, reserved 1087488K
  class space    used 5411K, capacity 5798K, committed 5888K, reserved 1048576K
}
Event: 4.365 GC heap after
{Heap after GC invocations=11 (full 0):
 garbage-first heap   total 96256K, used 29607K [0x0000000080000000, 0x0000000100000000)
  region size 1024K, 6 young (6144K), 6 survivors (6144K)
 Metaspace       used 42386K, capacity 43367K, committed 43644K, reserved 1087488K
  class space    used 5411K, capacity 5798K, committed 5888K, reserved 1048576K
}
Event: 4.725 GC heap before
{Heap before GC invocations=11 (full 0):
 garbage-first heap   total 96256K, used 73639K [0x0000000080000000, 0x0000000100000000)
  region size 1024K, 49 young (50176K), 6 survivors (6144K)
 Metaspace       used 46272K, capacity 47361K, committed 47484K, reserved 1091584K
  class space    used 5869K, capacity 6297K, committed 6400K, reserved 1048576K
}
Event: 4.730 GC heap after
{Heap after GC invocations=12 (full 0):
 garbage-first heap   total 115712K, used 31066K [0x0000000080000000, 0x0000000100000000)
  region size 1024K, 4 young (4096K), 4 survivors (4096K)
 Metaspace       used 46272K, capacity 47361K, committed 47484K, reserved 1091584K
  class space    used 5869K, capacity 6297K, committed 6400K, reserved 1048576K
}
Event: 5.578 GC heap before
{Heap before GC invocations=12 (full 0):
 garbage-first heap   total 115712K, used 83290K [0x0000000080000000, 0x0000000100000000)
  region size 1024K, 55 young (56320K), 4 survivors (4096K)
 Metaspace       used 48443K, capacity 49646K, committed 49788K, reserved 1093632K
  class space    used 6135K, capacity 6588K, committed 6656K, reserved 1048576K
}
Event: 5.583 GC heap after
{Heap after GC invocations=13 (full 0):
 garbage-first heap   total 115712K, used 33213K [0x0000000080000000, 0x0000000100000000)
  region size 1024K, 6 young (6144K), 6 survivors (6144K)
 Metaspace       used 48443K, capacity 49646K, committed 49788K, reserved 1093632K
  class space    used 6135K, capacity 6588K, committed 6656K, reserved 1048576K
}
Event: 6.325 GC heap before
{Heap before GC invocations=13 (full 0):
 garbage-first heap   total 115712K, used 89533K [0x0000000080000000, 0x0000000100000000)
  region size 1024K, 57 young (58368K), 6 survivors (6144K)
 Metaspace       used 53479K, capacity 54989K, committed 55164K, reserved 1097728K
  class space    used 6789K, capacity 7314K, committed 7424K, reserved 1048576K
}
Event: 6.331 GC heap after
{Heap after GC invocations=14 (full 0):
 garbage-first heap   total 115712K, used 43613K [0x0000000080000000, 0x0000000100000000)
  region size 1024K, 8 young (8192K), 8 survivors (8192K)
 Metaspace       used 53479K, capacity 54989K, committed 55164K, reserved 1097728K
  class space    used 6789K, capacity 7314K, committed 7424K, reserved 1048576K
}
Event: 6.781 GC heap before
{Heap before GC invocations=14 (full 0):
 garbage-first heap   total 115712K, used 77405K [0x0000000080000000, 0x0000000100000000)
  region size 1024K, 42 young (43008K), 8 survivors (8192K)
 Metaspace       used 58407K, capacity 59844K, committed 59940K, reserved 1101824K
  class space    used 7329K, capacity 7904K, committed 7936K, reserved 1048576K
}
Event: 6.787 GC heap after
{Heap after GC invocations=15 (full 0):
 garbage-first heap   total 115712K, used 45672K [0x0000000080000000, 0x0000000100000000)
  region size 1024K, 2 young (2048K), 2 survivors (2048K)
 Metaspace       used 58407K, capacity 59844K, committed 59940K, reserved 1101824K
  class space    used 7329K, capacity 7904K, committed 7936K, reserved 1048576K
}
Event: 7.265 GC heap before
{Heap before GC invocations=16 (full 0):
 garbage-first heap   total 115712K, used 93800K [0x0000000080000000, 0x0000000100000000)
  region size 1024K, 43 young (44032K), 2 survivors (2048K)
 Metaspace       used 62674K, capacity 64225K, committed 64292K, reserved 1105920K
  class space    used 7873K, capacity 8445K, committed 8448K, reserved 1048576K
}
Event: 7.269 GC heap after
{Heap after GC invocations=17 (full 0):
 garbage-first heap   total 115712K, used 49724K [0x0000000080000000, 0x0000000100000000)
  region size 1024K, 6 young (6144K), 6 survivors (6144K)
 Metaspace       used 62674K, capacity 64225K, committed 64292K, reserved 1105920K
  class space    used 7873K, capacity 8445K, committed 8448K, reserved 1048576K
}

